JIQA 2016-09-30 18:13:36,148  INFO [http-apr-8088-exec-1] (CategoryDAOImpl.java:145) - getCategoryInfoById: categoryId is: 1
JIQA 2016-09-30 18:13:55,142  INFO [http-apr-8088-exec-3] (CategoryDAOImpl.java:145) - getCategoryInfoById: categoryId is: 2
JIQA 2016-09-30 18:14:01,043  INFO [http-apr-8088-exec-5] (CategoryDAOImpl.java:145) - getCategoryInfoById: categoryId is: 1
JIQA 2016-09-30 18:15:05,740  INFO [localhost-startStop-2] (AbstractApplicationContext.java:862) - Closing WebApplicationContext for namespace 'jiqa-servlet': startup date [Fri Sep 30 18:12:54 IST 2016]; root of context hierarchy
JIQA 2016-09-30 18:16:25,400  INFO [localhost-startStop-1] (FrameworkServlet.java:484) - FrameworkServlet 'jiqa': initialization started
JIQA 2016-09-30 18:16:25,433  INFO [localhost-startStop-1] (AbstractApplicationContext.java:510) - Refreshing WebApplicationContext for namespace 'jiqa-servlet': startup date [Fri Sep 30 18:16:25 IST 2016]; root of context hierarchy
JIQA 2016-09-30 18:16:25,495  INFO [localhost-startStop-1] (XmlBeanDefinitionReader.java:317) - Loading XML bean definitions from class path resource [jiqa-servlet.xml]
JIQA 2016-09-30 18:16:26,035  INFO [localhost-startStop-1] (PropertiesLoaderSupport.java:172) - Loading properties file from class path resource [hibernate.properties]
JIQA 2016-09-30 18:16:26,111  INFO [localhost-startStop-1] (DriverManagerDataSource.java:133) - Loaded JDBC driver: com.mysql.jdbc.Driver
JIQA 2016-09-30 18:16:26,312  INFO [localhost-startStop-1] (JavaReflectionManager.java:66) - HCANN000001: Hibernate Commons Annotations {4.0.4.Final}
JIQA 2016-09-30 18:16:26,321  INFO [localhost-startStop-1] (Version.java:54) - HHH000412: Hibernate Core {4.3.5.Final}
JIQA 2016-09-30 18:16:26,326  INFO [localhost-startStop-1] (Environment.java:224) - HHH000205: Loaded properties from resource hibernate.properties: {db.password=, db.url=jdbc:mysql://localhost:3306/jiqa, db.username=root, hibernate.bytecode.use_reflection_optimizer=false}
JIQA 2016-09-30 18:16:26,326  INFO [localhost-startStop-1] (Environment.java:346) - HHH000021: Bytecode provider name : javassist
JIQA 2016-09-30 18:16:26,740  INFO [localhost-startStop-1] (Dialect.java:145) - HHH000400: Using dialect: org.hibernate.dialect.MySQL5Dialect
JIQA 2016-09-30 18:16:26,999  INFO [localhost-startStop-1] (TransactionFactoryInitiator.java:62) - HHH000399: Using default transaction strategy (direct JDBC transactions)
JIQA 2016-09-30 18:16:27,008  INFO [localhost-startStop-1] (ASTQueryTranslatorFactory.java:47) - HHH000397: Using ASTQueryTranslatorFactory
JIQA 2016-09-30 18:16:27,581  INFO [localhost-startStop-1] (AbstractHandlerMethodMapping.java:217) - Mapped "{[/saveCat],methods=[POST],params=[],headers=[],consumes=[],produces=[],custom=[]}" onto public org.springframework.web.servlet.ModelAndView com.jiqa.controller.CategoryController.saveCategory(com.jiqa.beans.CategoryBean)
JIQA 2016-09-30 18:16:27,581  INFO [localhost-startStop-1] (AbstractHandlerMethodMapping.java:217) - Mapped "{[/deleteCat/sta/{sta}/catId/{catId}],methods=[GET],params=[],headers=[],consumes=[],produces=[],custom=[]}" onto public org.springframework.web.servlet.ModelAndView com.jiqa.controller.CategoryController.deleteCategory(int,int)
JIQA 2016-09-30 18:16:27,581  INFO [localhost-startStop-1] (AbstractHandlerMethodMapping.java:217) - Mapped "{[/getCat/catId],methods=[POST],params=[],headers=[],consumes=[],produces=[],custom=[]}" onto public com.jiqa.beans.CategoryBean com.jiqa.controller.CategoryController.getCategory(int)
JIQA 2016-09-30 18:16:27,581  INFO [localhost-startStop-1] (AbstractHandlerMethodMapping.java:217) - Mapped "{[/showcat],methods=[GET],params=[],headers=[],consumes=[],produces=[],custom=[]}" onto public org.springframework.web.servlet.ModelAndView com.jiqa.controller.CategoryController.showCategoryScreen()
JIQA 2016-09-30 18:16:27,583  INFO [localhost-startStop-1] (AbstractHandlerMethodMapping.java:217) - Mapped "{[/login || /],methods=[],params=[],headers=[],consumes=[],produces=[],custom=[]}" onto public org.springframework.web.servlet.ModelAndView com.jiqa.controller.LoginController.showLoginScreen()
JIQA 2016-09-30 18:16:27,583  INFO [localhost-startStop-1] (AbstractHandlerMethodMapping.java:217) - Mapped "{[/authUser],methods=[POST],params=[],headers=[],consumes=[],produces=[],custom=[]}" onto public org.springframework.web.servlet.ModelAndView com.jiqa.controller.LoginController.authenticateUser(java.lang.String,java.lang.String)
JIQA 2016-09-30 18:16:27,583  INFO [localhost-startStop-1] (AbstractHandlerMethodMapping.java:217) - Mapped "{[/home],methods=[],params=[],headers=[],consumes=[],produces=[],custom=[]}" onto public org.springframework.web.servlet.ModelAndView com.jiqa.controller.LoginController.showHomepageScreen()
JIQA 2016-09-30 18:16:27,583  INFO [localhost-startStop-1] (AbstractHandlerMethodMapping.java:217) - Mapped "{[/showques],methods=[GET],params=[],headers=[],consumes=[],produces=[],custom=[]}" onto public org.springframework.web.servlet.ModelAndView com.jiqa.controller.QuestionController.showCategoryScreen(com.jiqa.beans.QuestionBean,javax.servlet.http.HttpServletRequest)
JIQA 2016-09-30 18:16:27,771  INFO [localhost-startStop-1] (RequestMappingHandlerAdapter.java:517) - Looking for @ControllerAdvice: WebApplicationContext for namespace 'jiqa-servlet': startup date [Fri Sep 30 18:16:25 IST 2016]; root of context hierarchy
JIQA 2016-09-30 18:16:27,823  INFO [localhost-startStop-1] (RequestMappingHandlerAdapter.java:517) - Looking for @ControllerAdvice: WebApplicationContext for namespace 'jiqa-servlet': startup date [Fri Sep 30 18:16:25 IST 2016]; root of context hierarchy
JIQA 2016-09-30 18:16:27,890  INFO [localhost-startStop-1] (HibernateTransactionManager.java:360) - Using DataSource [org.springframework.jdbc.datasource.DriverManagerDataSource@3e552ffe] of Hibernate SessionFactory for HibernateTransactionManager
JIQA 2016-09-30 18:16:27,923  INFO [localhost-startStop-1] (AbstractUrlHandlerMapping.java:314) - Mapped URL path [/images/**] onto handler 'org.springframework.web.servlet.resource.ResourceHttpRequestHandler#0'
JIQA 2016-09-30 18:16:27,947  INFO [localhost-startStop-1] (FrameworkServlet.java:503) - FrameworkServlet 'jiqa': initialization completed in 2545 ms
JIQA 2016-09-30 18:30:02,572  INFO [http-apr-8088-exec-4] (CategoryDAOImpl.java:145) - getCategoryInfoById: categoryId is: 7
JIQA 2016-09-30 18:30:22,210  INFO [http-apr-8088-exec-9] (CategoryDAOImpl.java:145) - getCategoryInfoById: categoryId is: 8
JIQA 2016-09-30 18:30:24,083  INFO [http-apr-8088-exec-10] (CategoryDAOImpl.java:145) - getCategoryInfoById: categoryId is: 7
JIQA 2016-09-30 18:30:29,890  INFO [http-apr-8088-exec-4] (CategoryDAOImpl.java:145) - getCategoryInfoById: categoryId is: 7
JIQA 2016-09-30 18:30:32,083  INFO [http-apr-8088-exec-5] (CategoryDAOImpl.java:145) - getCategoryInfoById: categoryId is: 8
JIQA 2016-09-30 18:43:45,876  INFO [ContainerBackgroundProcessor[StandardEngine[Catalina]]] (AbstractApplicationContext.java:862) - Closing WebApplicationContext for namespace 'jiqa-servlet': startup date [Fri Sep 30 18:16:25 IST 2016]; root of context hierarchy
JIQA 2016-09-30 18:43:47,175  INFO [ContainerBackgroundProcessor[StandardEngine[Catalina]]] (FrameworkServlet.java:484) - FrameworkServlet 'jiqa': initialization started
JIQA 2016-09-30 18:43:47,204  INFO [ContainerBackgroundProcessor[StandardEngine[Catalina]]] (AbstractApplicationContext.java:510) - Refreshing WebApplicationContext for namespace 'jiqa-servlet': startup date [Fri Sep 30 18:43:47 IST 2016]; root of context hierarchy
JIQA 2016-09-30 18:43:47,256  INFO [ContainerBackgroundProcessor[StandardEngine[Catalina]]] (XmlBeanDefinitionReader.java:317) - Loading XML bean definitions from class path resource [jiqa-servlet.xml]
JIQA 2016-09-30 18:43:47,621  INFO [ContainerBackgroundProcessor[StandardEngine[Catalina]]] (PropertiesLoaderSupport.java:172) - Loading properties file from class path resource [hibernate.properties]
JIQA 2016-09-30 18:43:47,687  INFO [ContainerBackgroundProcessor[StandardEngine[Catalina]]] (DriverManagerDataSource.java:133) - Loaded JDBC driver: com.mysql.jdbc.Driver
JIQA 2016-09-30 18:43:47,867  INFO [ContainerBackgroundProcessor[StandardEngine[Catalina]]] (JavaReflectionManager.java:66) - HCANN000001: Hibernate Commons Annotations {4.0.4.Final}
JIQA 2016-09-30 18:43:47,875  INFO [ContainerBackgroundProcessor[StandardEngine[Catalina]]] (Version.java:54) - HHH000412: Hibernate Core {4.3.5.Final}
JIQA 2016-09-30 18:43:47,879  INFO [ContainerBackgroundProcessor[StandardEngine[Catalina]]] (Environment.java:224) - HHH000205: Loaded properties from resource hibernate.properties: {db.password=, db.url=jdbc:mysql://localhost:3306/jiqa, db.username=root, hibernate.bytecode.use_reflection_optimizer=false}
JIQA 2016-09-30 18:43:47,879  INFO [ContainerBackgroundProcessor[StandardEngine[Catalina]]] (Environment.java:346) - HHH000021: Bytecode provider name : javassist
JIQA 2016-09-30 18:43:48,251  INFO [ContainerBackgroundProcessor[StandardEngine[Catalina]]] (Dialect.java:145) - HHH000400: Using dialect: org.hibernate.dialect.MySQL5Dialect
JIQA 2016-09-30 18:43:48,526  INFO [ContainerBackgroundProcessor[StandardEngine[Catalina]]] (TransactionFactoryInitiator.java:62) - HHH000399: Using default transaction strategy (direct JDBC transactions)
JIQA 2016-09-30 18:43:48,535  INFO [ContainerBackgroundProcessor[StandardEngine[Catalina]]] (ASTQueryTranslatorFactory.java:47) - HHH000397: Using ASTQueryTranslatorFactory
JIQA 2016-09-30 18:43:49,043  INFO [ContainerBackgroundProcessor[StandardEngine[Catalina]]] (AbstractHandlerMethodMapping.java:217) - Mapped "{[/saveCat],methods=[POST],params=[],headers=[],consumes=[],produces=[],custom=[]}" onto public org.springframework.web.servlet.ModelAndView com.jiqa.controller.CategoryController.saveCategory(com.jiqa.beans.CategoryBean)
JIQA 2016-09-30 18:43:49,043  INFO [ContainerBackgroundProcessor[StandardEngine[Catalina]]] (AbstractHandlerMethodMapping.java:217) - Mapped "{[/deleteCat/sta/{sta}/catId/{catId}],methods=[GET],params=[],headers=[],consumes=[],produces=[],custom=[]}" onto public org.springframework.web.servlet.ModelAndView com.jiqa.controller.CategoryController.deleteCategory(int,int)
JIQA 2016-09-30 18:43:49,043  INFO [ContainerBackgroundProcessor[StandardEngine[Catalina]]] (AbstractHandlerMethodMapping.java:217) - Mapped "{[/getCat/catId],methods=[POST],params=[],headers=[],consumes=[],produces=[],custom=[]}" onto public com.jiqa.beans.CategoryBean com.jiqa.controller.CategoryController.getCategory(int)
JIQA 2016-09-30 18:43:49,043  INFO [ContainerBackgroundProcessor[StandardEngine[Catalina]]] (AbstractHandlerMethodMapping.java:217) - Mapped "{[/showcat],methods=[GET],params=[],headers=[],consumes=[],produces=[],custom=[]}" onto public org.springframework.web.servlet.ModelAndView com.jiqa.controller.CategoryController.showCategoryScreen()
JIQA 2016-09-30 18:43:49,044  INFO [ContainerBackgroundProcessor[StandardEngine[Catalina]]] (AbstractHandlerMethodMapping.java:217) - Mapped "{[/login || /],methods=[],params=[],headers=[],consumes=[],produces=[],custom=[]}" onto public org.springframework.web.servlet.ModelAndView com.jiqa.controller.LoginController.showLoginScreen()
JIQA 2016-09-30 18:43:49,044  INFO [ContainerBackgroundProcessor[StandardEngine[Catalina]]] (AbstractHandlerMethodMapping.java:217) - Mapped "{[/authUser],methods=[POST],params=[],headers=[],consumes=[],produces=[],custom=[]}" onto public org.springframework.web.servlet.ModelAndView com.jiqa.controller.LoginController.authenticateUser(java.lang.String,java.lang.String)
JIQA 2016-09-30 18:43:49,044  INFO [ContainerBackgroundProcessor[StandardEngine[Catalina]]] (AbstractHandlerMethodMapping.java:217) - Mapped "{[/home],methods=[],params=[],headers=[],consumes=[],produces=[],custom=[]}" onto public org.springframework.web.servlet.ModelAndView com.jiqa.controller.LoginController.showHomepageScreen()
JIQA 2016-09-30 18:43:49,044  INFO [ContainerBackgroundProcessor[StandardEngine[Catalina]]] (AbstractHandlerMethodMapping.java:217) - Mapped "{[/saveQues],methods=[POST],params=[],headers=[],consumes=[],produces=[],custom=[]}" onto public org.springframework.web.servlet.ModelAndView com.jiqa.controller.QuestionController.saveCategory(com.jiqa.beans.CategoryBean)
JIQA 2016-09-30 18:43:49,044  INFO [ContainerBackgroundProcessor[StandardEngine[Catalina]]] (AbstractHandlerMethodMapping.java:217) - Mapped "{[/showques],methods=[GET],params=[],headers=[],consumes=[],produces=[],custom=[]}" onto public org.springframework.web.servlet.ModelAndView com.jiqa.controller.QuestionController.showCategoryScreen(com.jiqa.beans.QuestionBean,javax.servlet.http.HttpServletRequest)
JIQA 2016-09-30 18:43:49,182  INFO [ContainerBackgroundProcessor[StandardEngine[Catalina]]] (RequestMappingHandlerAdapter.java:517) - Looking for @ControllerAdvice: WebApplicationContext for namespace 'jiqa-servlet': startup date [Fri Sep 30 18:43:47 IST 2016]; root of context hierarchy
JIQA 2016-09-30 18:43:49,234  INFO [ContainerBackgroundProcessor[StandardEngine[Catalina]]] (RequestMappingHandlerAdapter.java:517) - Looking for @ControllerAdvice: WebApplicationContext for namespace 'jiqa-servlet': startup date [Fri Sep 30 18:43:47 IST 2016]; root of context hierarchy
JIQA 2016-09-30 18:43:49,302  INFO [ContainerBackgroundProcessor[StandardEngine[Catalina]]] (HibernateTransactionManager.java:360) - Using DataSource [org.springframework.jdbc.datasource.DriverManagerDataSource@1b371ce3] of Hibernate SessionFactory for HibernateTransactionManager
JIQA 2016-09-30 18:43:49,333  INFO [ContainerBackgroundProcessor[StandardEngine[Catalina]]] (AbstractUrlHandlerMapping.java:314) - Mapped URL path [/images/**] onto handler 'org.springframework.web.servlet.resource.ResourceHttpRequestHandler#0'
JIQA 2016-09-30 18:43:49,357  INFO [ContainerBackgroundProcessor[StandardEngine[Catalina]]] (FrameworkServlet.java:503) - FrameworkServlet 'jiqa': initialization completed in 2180 ms
JIQA 2016-09-30 18:44:01,519  INFO [ContainerBackgroundProcessor[StandardEngine[Catalina]]] (AbstractApplicationContext.java:862) - Closing WebApplicationContext for namespace 'jiqa-servlet': startup date [Fri Sep 30 18:43:47 IST 2016]; root of context hierarchy
JIQA 2016-09-30 18:44:02,930  INFO [ContainerBackgroundProcessor[StandardEngine[Catalina]]] (FrameworkServlet.java:484) - FrameworkServlet 'jiqa': initialization started
JIQA 2016-09-30 18:44:02,958  INFO [ContainerBackgroundProcessor[StandardEngine[Catalina]]] (AbstractApplicationContext.java:510) - Refreshing WebApplicationContext for namespace 'jiqa-servlet': startup date [Fri Sep 30 18:44:02 IST 2016]; root of context hierarchy
JIQA 2016-09-30 18:44:03,008  INFO [ContainerBackgroundProcessor[StandardEngine[Catalina]]] (XmlBeanDefinitionReader.java:317) - Loading XML bean definitions from class path resource [jiqa-servlet.xml]
JIQA 2016-09-30 18:44:03,368  INFO [ContainerBackgroundProcessor[StandardEngine[Catalina]]] (PropertiesLoaderSupport.java:172) - Loading properties file from class path resource [hibernate.properties]
JIQA 2016-09-30 18:44:03,435  INFO [ContainerBackgroundProcessor[StandardEngine[Catalina]]] (DriverManagerDataSource.java:133) - Loaded JDBC driver: com.mysql.jdbc.Driver
JIQA 2016-09-30 18:44:03,624  INFO [ContainerBackgroundProcessor[StandardEngine[Catalina]]] (JavaReflectionManager.java:66) - HCANN000001: Hibernate Commons Annotations {4.0.4.Final}
JIQA 2016-09-30 18:44:03,633  INFO [ContainerBackgroundProcessor[StandardEngine[Catalina]]] (Version.java:54) - HHH000412: Hibernate Core {4.3.5.Final}
JIQA 2016-09-30 18:44:03,637  INFO [ContainerBackgroundProcessor[StandardEngine[Catalina]]] (Environment.java:224) - HHH000205: Loaded properties from resource hibernate.properties: {db.password=, db.url=jdbc:mysql://localhost:3306/jiqa, db.username=root, hibernate.bytecode.use_reflection_optimizer=false}
JIQA 2016-09-30 18:44:03,638  INFO [ContainerBackgroundProcessor[StandardEngine[Catalina]]] (Environment.java:346) - HHH000021: Bytecode provider name : javassist
JIQA 2016-09-30 18:44:04,016  INFO [ContainerBackgroundProcessor[StandardEngine[Catalina]]] (Dialect.java:145) - HHH000400: Using dialect: org.hibernate.dialect.MySQL5Dialect
JIQA 2016-09-30 18:44:04,258  INFO [ContainerBackgroundProcessor[StandardEngine[Catalina]]] (TransactionFactoryInitiator.java:62) - HHH000399: Using default transaction strategy (direct JDBC transactions)
JIQA 2016-09-30 18:44:04,266  INFO [ContainerBackgroundProcessor[StandardEngine[Catalina]]] (ASTQueryTranslatorFactory.java:47) - HHH000397: Using ASTQueryTranslatorFactory
JIQA 2016-09-30 18:44:04,761  INFO [ContainerBackgroundProcessor[StandardEngine[Catalina]]] (AbstractHandlerMethodMapping.java:217) - Mapped "{[/saveCat],methods=[POST],params=[],headers=[],consumes=[],produces=[],custom=[]}" onto public org.springframework.web.servlet.ModelAndView com.jiqa.controller.CategoryController.saveCategory(com.jiqa.beans.CategoryBean)
JIQA 2016-09-30 18:44:04,762  INFO [ContainerBackgroundProcessor[StandardEngine[Catalina]]] (AbstractHandlerMethodMapping.java:217) - Mapped "{[/deleteCat/sta/{sta}/catId/{catId}],methods=[GET],params=[],headers=[],consumes=[],produces=[],custom=[]}" onto public org.springframework.web.servlet.ModelAndView com.jiqa.controller.CategoryController.deleteCategory(int,int)
JIQA 2016-09-30 18:44:04,762  INFO [ContainerBackgroundProcessor[StandardEngine[Catalina]]] (AbstractHandlerMethodMapping.java:217) - Mapped "{[/getCat/catId],methods=[POST],params=[],headers=[],consumes=[],produces=[],custom=[]}" onto public com.jiqa.beans.CategoryBean com.jiqa.controller.CategoryController.getCategory(int)
JIQA 2016-09-30 18:44:04,762  INFO [ContainerBackgroundProcessor[StandardEngine[Catalina]]] (AbstractHandlerMethodMapping.java:217) - Mapped "{[/showcat],methods=[GET],params=[],headers=[],consumes=[],produces=[],custom=[]}" onto public org.springframework.web.servlet.ModelAndView com.jiqa.controller.CategoryController.showCategoryScreen()
JIQA 2016-09-30 18:44:04,762  INFO [ContainerBackgroundProcessor[StandardEngine[Catalina]]] (AbstractHandlerMethodMapping.java:217) - Mapped "{[/login || /],methods=[],params=[],headers=[],consumes=[],produces=[],custom=[]}" onto public org.springframework.web.servlet.ModelAndView com.jiqa.controller.LoginController.showLoginScreen()
JIQA 2016-09-30 18:44:04,763  INFO [ContainerBackgroundProcessor[StandardEngine[Catalina]]] (AbstractHandlerMethodMapping.java:217) - Mapped "{[/authUser],methods=[POST],params=[],headers=[],consumes=[],produces=[],custom=[]}" onto public org.springframework.web.servlet.ModelAndView com.jiqa.controller.LoginController.authenticateUser(java.lang.String,java.lang.String)
JIQA 2016-09-30 18:44:04,763  INFO [ContainerBackgroundProcessor[StandardEngine[Catalina]]] (AbstractHandlerMethodMapping.java:217) - Mapped "{[/home],methods=[],params=[],headers=[],consumes=[],produces=[],custom=[]}" onto public org.springframework.web.servlet.ModelAndView com.jiqa.controller.LoginController.showHomepageScreen()
JIQA 2016-09-30 18:44:04,763  INFO [ContainerBackgroundProcessor[StandardEngine[Catalina]]] (AbstractHandlerMethodMapping.java:217) - Mapped "{[/saveQues],methods=[POST],params=[],headers=[],consumes=[],produces=[],custom=[]}" onto public org.springframework.web.servlet.ModelAndView com.jiqa.controller.QuestionController.saveQuestion(com.jiqa.beans.QuestionBean)
JIQA 2016-09-30 18:44:04,763  INFO [ContainerBackgroundProcessor[StandardEngine[Catalina]]] (AbstractHandlerMethodMapping.java:217) - Mapped "{[/showques],methods=[GET],params=[],headers=[],consumes=[],produces=[],custom=[]}" onto public org.springframework.web.servlet.ModelAndView com.jiqa.controller.QuestionController.showCategoryScreen(com.jiqa.beans.QuestionBean,javax.servlet.http.HttpServletRequest)
JIQA 2016-09-30 18:44:04,906  INFO [ContainerBackgroundProcessor[StandardEngine[Catalina]]] (RequestMappingHandlerAdapter.java:517) - Looking for @ControllerAdvice: WebApplicationContext for namespace 'jiqa-servlet': startup date [Fri Sep 30 18:44:02 IST 2016]; root of context hierarchy
JIQA 2016-09-30 18:44:04,953  INFO [ContainerBackgroundProcessor[StandardEngine[Catalina]]] (RequestMappingHandlerAdapter.java:517) - Looking for @ControllerAdvice: WebApplicationContext for namespace 'jiqa-servlet': startup date [Fri Sep 30 18:44:02 IST 2016]; root of context hierarchy
JIQA 2016-09-30 18:44:05,015  INFO [ContainerBackgroundProcessor[StandardEngine[Catalina]]] (HibernateTransactionManager.java:360) - Using DataSource [org.springframework.jdbc.datasource.DriverManagerDataSource@73e589ec] of Hibernate SessionFactory for HibernateTransactionManager
JIQA 2016-09-30 18:44:05,048  INFO [ContainerBackgroundProcessor[StandardEngine[Catalina]]] (AbstractUrlHandlerMapping.java:314) - Mapped URL path [/images/**] onto handler 'org.springframework.web.servlet.resource.ResourceHttpRequestHandler#0'
JIQA 2016-09-30 18:44:05,075  INFO [ContainerBackgroundProcessor[StandardEngine[Catalina]]] (FrameworkServlet.java:503) - FrameworkServlet 'jiqa': initialization completed in 2143 ms
JIQA 2016-09-30 18:44:17,218  INFO [ContainerBackgroundProcessor[StandardEngine[Catalina]]] (AbstractApplicationContext.java:862) - Closing WebApplicationContext for namespace 'jiqa-servlet': startup date [Fri Sep 30 18:44:02 IST 2016]; root of context hierarchy
JIQA 2016-09-30 18:44:18,560  INFO [ContainerBackgroundProcessor[StandardEngine[Catalina]]] (FrameworkServlet.java:484) - FrameworkServlet 'jiqa': initialization started
JIQA 2016-09-30 18:44:18,592  INFO [ContainerBackgroundProcessor[StandardEngine[Catalina]]] (AbstractApplicationContext.java:510) - Refreshing WebApplicationContext for namespace 'jiqa-servlet': startup date [Fri Sep 30 18:44:18 IST 2016]; root of context hierarchy
JIQA 2016-09-30 18:44:18,645  INFO [ContainerBackgroundProcessor[StandardEngine[Catalina]]] (XmlBeanDefinitionReader.java:317) - Loading XML bean definitions from class path resource [jiqa-servlet.xml]
JIQA 2016-09-30 18:44:19,024  INFO [ContainerBackgroundProcessor[StandardEngine[Catalina]]] (PropertiesLoaderSupport.java:172) - Loading properties file from class path resource [hibernate.properties]
JIQA 2016-09-30 18:44:19,088  INFO [ContainerBackgroundProcessor[StandardEngine[Catalina]]] (DriverManagerDataSource.java:133) - Loaded JDBC driver: com.mysql.jdbc.Driver
JIQA 2016-09-30 18:44:19,264  INFO [ContainerBackgroundProcessor[StandardEngine[Catalina]]] (JavaReflectionManager.java:66) - HCANN000001: Hibernate Commons Annotations {4.0.4.Final}
JIQA 2016-09-30 18:44:19,273  INFO [ContainerBackgroundProcessor[StandardEngine[Catalina]]] (Version.java:54) - HHH000412: Hibernate Core {4.3.5.Final}
JIQA 2016-09-30 18:44:19,276  INFO [ContainerBackgroundProcessor[StandardEngine[Catalina]]] (Environment.java:224) - HHH000205: Loaded properties from resource hibernate.properties: {db.password=, db.url=jdbc:mysql://localhost:3306/jiqa, db.username=root, hibernate.bytecode.use_reflection_optimizer=false}
JIQA 2016-09-30 18:44:19,277  INFO [ContainerBackgroundProcessor[StandardEngine[Catalina]]] (Environment.java:346) - HHH000021: Bytecode provider name : javassist
JIQA 2016-09-30 18:44:19,681  INFO [ContainerBackgroundProcessor[StandardEngine[Catalina]]] (Dialect.java:145) - HHH000400: Using dialect: org.hibernate.dialect.MySQL5Dialect
JIQA 2016-09-30 18:44:19,921  INFO [ContainerBackgroundProcessor[StandardEngine[Catalina]]] (TransactionFactoryInitiator.java:62) - HHH000399: Using default transaction strategy (direct JDBC transactions)
JIQA 2016-09-30 18:44:19,929  INFO [ContainerBackgroundProcessor[StandardEngine[Catalina]]] (ASTQueryTranslatorFactory.java:47) - HHH000397: Using ASTQueryTranslatorFactory
JIQA 2016-09-30 18:44:20,409  INFO [ContainerBackgroundProcessor[StandardEngine[Catalina]]] (AbstractHandlerMethodMapping.java:217) - Mapped "{[/saveCat],methods=[POST],params=[],headers=[],consumes=[],produces=[],custom=[]}" onto public org.springframework.web.servlet.ModelAndView com.jiqa.controller.CategoryController.saveCategory(com.jiqa.beans.CategoryBean)
JIQA 2016-09-30 18:44:20,409  INFO [ContainerBackgroundProcessor[StandardEngine[Catalina]]] (AbstractHandlerMethodMapping.java:217) - Mapped "{[/deleteCat/sta/{sta}/catId/{catId}],methods=[GET],params=[],headers=[],consumes=[],produces=[],custom=[]}" onto public org.springframework.web.servlet.ModelAndView com.jiqa.controller.CategoryController.deleteCategory(int,int)
JIQA 2016-09-30 18:44:20,410  INFO [ContainerBackgroundProcessor[StandardEngine[Catalina]]] (AbstractHandlerMethodMapping.java:217) - Mapped "{[/getCat/catId],methods=[POST],params=[],headers=[],consumes=[],produces=[],custom=[]}" onto public com.jiqa.beans.CategoryBean com.jiqa.controller.CategoryController.getCategory(int)
JIQA 2016-09-30 18:44:20,410  INFO [ContainerBackgroundProcessor[StandardEngine[Catalina]]] (AbstractHandlerMethodMapping.java:217) - Mapped "{[/showcat],methods=[GET],params=[],headers=[],consumes=[],produces=[],custom=[]}" onto public org.springframework.web.servlet.ModelAndView com.jiqa.controller.CategoryController.showCategoryScreen()
JIQA 2016-09-30 18:44:20,410  INFO [ContainerBackgroundProcessor[StandardEngine[Catalina]]] (AbstractHandlerMethodMapping.java:217) - Mapped "{[/login || /],methods=[],params=[],headers=[],consumes=[],produces=[],custom=[]}" onto public org.springframework.web.servlet.ModelAndView com.jiqa.controller.LoginController.showLoginScreen()
JIQA 2016-09-30 18:44:20,410  INFO [ContainerBackgroundProcessor[StandardEngine[Catalina]]] (AbstractHandlerMethodMapping.java:217) - Mapped "{[/authUser],methods=[POST],params=[],headers=[],consumes=[],produces=[],custom=[]}" onto public org.springframework.web.servlet.ModelAndView com.jiqa.controller.LoginController.authenticateUser(java.lang.String,java.lang.String)
JIQA 2016-09-30 18:44:20,410  INFO [ContainerBackgroundProcessor[StandardEngine[Catalina]]] (AbstractHandlerMethodMapping.java:217) - Mapped "{[/home],methods=[],params=[],headers=[],consumes=[],produces=[],custom=[]}" onto public org.springframework.web.servlet.ModelAndView com.jiqa.controller.LoginController.showHomepageScreen()
JIQA 2016-09-30 18:44:20,411  INFO [ContainerBackgroundProcessor[StandardEngine[Catalina]]] (AbstractHandlerMethodMapping.java:217) - Mapped "{[/saveQues],methods=[POST],params=[],headers=[],consumes=[],produces=[],custom=[]}" onto public org.springframework.web.servlet.ModelAndView com.jiqa.controller.QuestionController.saveQuestion(com.jiqa.beans.QuestionBean)
JIQA 2016-09-30 18:44:20,411  INFO [ContainerBackgroundProcessor[StandardEngine[Catalina]]] (AbstractHandlerMethodMapping.java:217) - Mapped "{[/showques],methods=[GET],params=[],headers=[],consumes=[],produces=[],custom=[]}" onto public org.springframework.web.servlet.ModelAndView com.jiqa.controller.QuestionController.showCategoryScreen(com.jiqa.beans.QuestionBean,javax.servlet.http.HttpServletRequest)
JIQA 2016-09-30 18:44:20,537  INFO [ContainerBackgroundProcessor[StandardEngine[Catalina]]] (RequestMappingHandlerAdapter.java:517) - Looking for @ControllerAdvice: WebApplicationContext for namespace 'jiqa-servlet': startup date [Fri Sep 30 18:44:18 IST 2016]; root of context hierarchy
JIQA 2016-09-30 18:44:20,587  INFO [ContainerBackgroundProcessor[StandardEngine[Catalina]]] (RequestMappingHandlerAdapter.java:517) - Looking for @ControllerAdvice: WebApplicationContext for namespace 'jiqa-servlet': startup date [Fri Sep 30 18:44:18 IST 2016]; root of context hierarchy
JIQA 2016-09-30 18:44:20,649  INFO [ContainerBackgroundProcessor[StandardEngine[Catalina]]] (HibernateTransactionManager.java:360) - Using DataSource [org.springframework.jdbc.datasource.DriverManagerDataSource@1c26fc7] of Hibernate SessionFactory for HibernateTransactionManager
JIQA 2016-09-30 18:44:20,678  INFO [ContainerBackgroundProcessor[StandardEngine[Catalina]]] (AbstractUrlHandlerMapping.java:314) - Mapped URL path [/images/**] onto handler 'org.springframework.web.servlet.resource.ResourceHttpRequestHandler#0'
JIQA 2016-09-30 18:44:20,701  INFO [ContainerBackgroundProcessor[StandardEngine[Catalina]]] (FrameworkServlet.java:503) - FrameworkServlet 'jiqa': initialization completed in 2138 ms
JIQA 2016-09-30 18:44:41,420  INFO [localhost-startStop-2] (AbstractApplicationContext.java:862) - Closing WebApplicationContext for namespace 'jiqa-servlet': startup date [Fri Sep 30 18:44:18 IST 2016]; root of context hierarchy
JIQA 2016-09-30 18:44:44,898  INFO [localhost-startStop-1] (FrameworkServlet.java:484) - FrameworkServlet 'jiqa': initialization started
JIQA 2016-09-30 18:44:44,931  INFO [localhost-startStop-1] (AbstractApplicationContext.java:510) - Refreshing WebApplicationContext for namespace 'jiqa-servlet': startup date [Fri Sep 30 18:44:44 IST 2016]; root of context hierarchy
JIQA 2016-09-30 18:44:44,986  INFO [localhost-startStop-1] (XmlBeanDefinitionReader.java:317) - Loading XML bean definitions from class path resource [jiqa-servlet.xml]
JIQA 2016-09-30 18:44:45,514  INFO [localhost-startStop-1] (PropertiesLoaderSupport.java:172) - Loading properties file from class path resource [hibernate.properties]
JIQA 2016-09-30 18:44:45,585  INFO [localhost-startStop-1] (DriverManagerDataSource.java:133) - Loaded JDBC driver: com.mysql.jdbc.Driver
JIQA 2016-09-30 18:44:45,780  INFO [localhost-startStop-1] (JavaReflectionManager.java:66) - HCANN000001: Hibernate Commons Annotations {4.0.4.Final}
JIQA 2016-09-30 18:44:45,790  INFO [localhost-startStop-1] (Version.java:54) - HHH000412: Hibernate Core {4.3.5.Final}
JIQA 2016-09-30 18:44:45,795  INFO [localhost-startStop-1] (Environment.java:224) - HHH000205: Loaded properties from resource hibernate.properties: {db.password=, db.url=jdbc:mysql://localhost:3306/jiqa, db.username=root, hibernate.bytecode.use_reflection_optimizer=false}
JIQA 2016-09-30 18:44:45,795  INFO [localhost-startStop-1] (Environment.java:346) - HHH000021: Bytecode provider name : javassist
JIQA 2016-09-30 18:44:46,224  INFO [localhost-startStop-1] (Dialect.java:145) - HHH000400: Using dialect: org.hibernate.dialect.MySQL5Dialect
JIQA 2016-09-30 18:44:46,489  INFO [localhost-startStop-1] (TransactionFactoryInitiator.java:62) - HHH000399: Using default transaction strategy (direct JDBC transactions)
JIQA 2016-09-30 18:44:46,498  INFO [localhost-startStop-1] (ASTQueryTranslatorFactory.java:47) - HHH000397: Using ASTQueryTranslatorFactory
JIQA 2016-09-30 18:44:47,110  INFO [localhost-startStop-1] (AbstractHandlerMethodMapping.java:217) - Mapped "{[/getCat/catId],methods=[POST],params=[],headers=[],consumes=[],produces=[],custom=[]}" onto public com.jiqa.beans.CategoryBean com.jiqa.controller.CategoryController.getCategory(int)
JIQA 2016-09-30 18:44:47,111  INFO [localhost-startStop-1] (AbstractHandlerMethodMapping.java:217) - Mapped "{[/showcat],methods=[GET],params=[],headers=[],consumes=[],produces=[],custom=[]}" onto public org.springframework.web.servlet.ModelAndView com.jiqa.controller.CategoryController.showCategoryScreen()
JIQA 2016-09-30 18:44:47,111  INFO [localhost-startStop-1] (AbstractHandlerMethodMapping.java:217) - Mapped "{[/saveCat],methods=[POST],params=[],headers=[],consumes=[],produces=[],custom=[]}" onto public org.springframework.web.servlet.ModelAndView com.jiqa.controller.CategoryController.saveCategory(com.jiqa.beans.CategoryBean)
JIQA 2016-09-30 18:44:47,111  INFO [localhost-startStop-1] (AbstractHandlerMethodMapping.java:217) - Mapped "{[/deleteCat/sta/{sta}/catId/{catId}],methods=[GET],params=[],headers=[],consumes=[],produces=[],custom=[]}" onto public org.springframework.web.servlet.ModelAndView com.jiqa.controller.CategoryController.deleteCategory(int,int)
JIQA 2016-09-30 18:44:47,112  INFO [localhost-startStop-1] (AbstractHandlerMethodMapping.java:217) - Mapped "{[/home],methods=[],params=[],headers=[],consumes=[],produces=[],custom=[]}" onto public org.springframework.web.servlet.ModelAndView com.jiqa.controller.LoginController.showHomepageScreen()
JIQA 2016-09-30 18:44:47,112  INFO [localhost-startStop-1] (AbstractHandlerMethodMapping.java:217) - Mapped "{[/authUser],methods=[POST],params=[],headers=[],consumes=[],produces=[],custom=[]}" onto public org.springframework.web.servlet.ModelAndView com.jiqa.controller.LoginController.authenticateUser(java.lang.String,java.lang.String)
JIQA 2016-09-30 18:44:47,113  INFO [localhost-startStop-1] (AbstractHandlerMethodMapping.java:217) - Mapped "{[/login || /],methods=[],params=[],headers=[],consumes=[],produces=[],custom=[]}" onto public org.springframework.web.servlet.ModelAndView com.jiqa.controller.LoginController.showLoginScreen()
JIQA 2016-09-30 18:44:47,113  INFO [localhost-startStop-1] (AbstractHandlerMethodMapping.java:217) - Mapped "{[/showques],methods=[GET],params=[],headers=[],consumes=[],produces=[],custom=[]}" onto public org.springframework.web.servlet.ModelAndView com.jiqa.controller.QuestionController.showCategoryScreen(com.jiqa.beans.QuestionBean,javax.servlet.http.HttpServletRequest)
JIQA 2016-09-30 18:44:47,113  INFO [localhost-startStop-1] (AbstractHandlerMethodMapping.java:217) - Mapped "{[/saveQues],methods=[POST],params=[],headers=[],consumes=[],produces=[],custom=[]}" onto public org.springframework.web.servlet.ModelAndView com.jiqa.controller.QuestionController.saveQuestion(com.jiqa.beans.QuestionBean)
JIQA 2016-09-30 18:44:47,295  INFO [localhost-startStop-1] (RequestMappingHandlerAdapter.java:517) - Looking for @ControllerAdvice: WebApplicationContext for namespace 'jiqa-servlet': startup date [Fri Sep 30 18:44:44 IST 2016]; root of context hierarchy
JIQA 2016-09-30 18:44:47,347  INFO [localhost-startStop-1] (RequestMappingHandlerAdapter.java:517) - Looking for @ControllerAdvice: WebApplicationContext for namespace 'jiqa-servlet': startup date [Fri Sep 30 18:44:44 IST 2016]; root of context hierarchy
JIQA 2016-09-30 18:44:47,435  INFO [localhost-startStop-1] (HibernateTransactionManager.java:360) - Using DataSource [org.springframework.jdbc.datasource.DriverManagerDataSource@28d2763e] of Hibernate SessionFactory for HibernateTransactionManager
JIQA 2016-09-30 18:44:47,469  INFO [localhost-startStop-1] (AbstractUrlHandlerMapping.java:314) - Mapped URL path [/images/**] onto handler 'org.springframework.web.servlet.resource.ResourceHttpRequestHandler#0'
JIQA 2016-09-30 18:44:47,497  INFO [localhost-startStop-1] (FrameworkServlet.java:503) - FrameworkServlet 'jiqa': initialization completed in 2596 ms
